<?xml version="1.0" encoding="UTF-8"?>
<!-- Generated by org.testng.reporters.JUnitReportReporter -->
<testsuite skipped="0" hostname="LAPTOP-T4M2UU3N" name="com.orangeHRM.TestClass.OrangeHRMTest" tests="2" failures="0" timestamp="2022-04-15T18:10:23 IST" time="14.926" errors="0">
  <testcase name="clickablContactSale" time="8.808" classname="com.orangeHRM.TestClass.OrangeHRMTest"/>
  <system-out/>
  <testcase name="contactSaleInfo" time="6.118" classname="com.orangeHRM.TestClass.OrangeHRMTest"/>
  <system-out/>
</testsuite> <!-- com.orangeHRM.TestClass.OrangeHRMTest -->
