<?xml version="1.0" encoding="UTF-8"?>
<!-- Generated by org.testng.reporters.JUnitReportReporter -->
<testsuite skipped="0" hostname="LAPTOP-T4M2UU3N" name="com.orangeHRM.TestClass.OrangeHRMTest" tests="2" failures="0" timestamp="2022-04-15T23:21:12 IST" time="16.725" errors="0">
  <testcase name="clickablContactSale" time="9.483" classname="com.orangeHRM.TestClass.OrangeHRMTest"/>
  <system-out/>
  <testcase name="contactSaleInfo" time="7.242" classname="com.orangeHRM.TestClass.OrangeHRMTest"/>
  <system-out/>
</testsuite> <!-- com.orangeHRM.TestClass.OrangeHRMTest -->
